<?xml version="1.0" encoding="UTF-8"?>
<testsuite name="com.nbw.book.springboot.web.IndexControllerTest" tests="1" skipped="0" failures="0" errors="0" timestamp="2020-02-08T12:09:25" hostname="Nambyungwook-MacBookPro.local" time="0.218">
  <properties/>
  <testcase name="메인페이지_로딩" classname="com.nbw.book.springboot.web.IndexControllerTest" time="0.218"/>
  <system-out><![CDATA[2020-02-08 21:09:21.482  INFO 14332 --- [    Test worker] .b.t.c.SpringBootTestContextBootstrapper : Neither @ContextConfiguration nor @ContextHierarchy found for test class [com.nbw.book.springboot.web.IndexControllerTest], using SpringBootContextLoader
2020-02-08 21:09:21.482  INFO 14332 --- [    Test worker] o.s.t.c.support.AbstractContextLoader    : Could not detect default resource locations for test class [com.nbw.book.springboot.web.IndexControllerTest]: no resource found for suffixes {-context.xml, Context.groovy}.
2020-02-08 21:09:21.483  INFO 14332 --- [    Test worker] t.c.s.AnnotationConfigContextLoaderUtils : Could not detect default configuration classes for test class [com.nbw.book.springboot.web.IndexControllerTest]: IndexControllerTest does not declare any static, non-private, non-final, nested classes annotated with @Configuration.
2020-02-08 21:09:21.485  INFO 14332 --- [    Test worker] .b.t.c.SpringBootTestContextBootstrapper : Found @SpringBootConfiguration com.nbw.book.springboot.Application for test class com.nbw.book.springboot.web.IndexControllerTest
2020-02-08 21:09:21.487  INFO 14332 --- [    Test worker] .b.t.c.SpringBootTestContextBootstrapper : Loaded default TestExecutionListener class names from location [META-INF/spring.factories]: [org.springframework.security.test.context.support.WithSecurityContextTestExecutionListener, org.springframework.security.test.context.support.ReactorContextTestExecutionListener, org.springframework.boot.test.autoconfigure.restdocs.RestDocsTestExecutionListener, org.springframework.boot.test.autoconfigure.web.client.MockRestServiceServerResetTestExecutionListener, org.springframework.boot.test.autoconfigure.web.servlet.MockMvcPrintOnlyOnFailureTestExecutionListener, org.springframework.boot.test.autoconfigure.web.servlet.WebDriverTestExecutionListener, org.springframework.boot.test.mock.mockito.MockitoTestExecutionListener, org.springframework.boot.test.mock.mockito.ResetMocksTestExecutionListener, org.springframework.test.context.web.ServletTestExecutionListener, org.springframework.test.context.support.DirtiesContextBeforeModesTestExecutionListener, org.springframework.test.context.support.DependencyInjectionTestExecutionListener, org.springframework.test.context.support.DirtiesContextTestExecutionListener, org.springframework.test.context.transaction.TransactionalTestExecutionListener, org.springframework.test.context.jdbc.SqlScriptsTestExecutionListener]
2020-02-08 21:09:21.487  INFO 14332 --- [    Test worker] .b.t.c.SpringBootTestContextBootstrapper : Using TestExecutionListeners: [org.springframework.test.context.web.ServletTestExecutionListener@51f4a67d, org.springframework.test.context.support.DirtiesContextBeforeModesTestExecutionListener@3666dc92, org.springframework.boot.test.mock.mockito.MockitoTestExecutionListener@19918177, org.springframework.boot.test.autoconfigure.SpringBootDependencyInjectionTestExecutionListener@1a3774e2, org.springframework.test.context.support.DirtiesContextTestExecutionListener@6e04ee97, org.springframework.test.context.transaction.TransactionalTestExecutionListener@6e862d89, org.springframework.test.context.jdbc.SqlScriptsTestExecutionListener@7b098317, org.springframework.security.test.context.support.WithSecurityContextTestExecutionListener@5ab878f0, org.springframework.security.test.context.support.ReactorContextTestExecutionListener@13815566, org.springframework.boot.test.autoconfigure.restdocs.RestDocsTestExecutionListener@4c34d8fa, org.springframework.boot.test.autoconfigure.web.client.MockRestServiceServerResetTestExecutionListener@7b12fb50, org.springframework.boot.test.autoconfigure.web.servlet.MockMvcPrintOnlyOnFailureTestExecutionListener@62f4733a, org.springframework.boot.test.autoconfigure.web.servlet.WebDriverTestExecutionListener@7bc72067, org.springframework.boot.test.mock.mockito.ResetMocksTestExecutionListener@11dec4ed]

  .   ____          _            __ _ _
 /\\ / ___'_ __ _ _(_)_ __  __ _ \ \ \ \
( ( )\___ | '_ | '_| | '_ \/ _` | \ \ \ \
 \\/  ___)| |_)| | | | | || (_| |  ) ) ) )
  '  |____| .__|_| |_|_| |_\__, | / / / /
 =========|_|==============|___/=/_/_/_/
 :: Spring Boot ::        (v2.1.7.RELEASE)

2020-02-08 21:09:21.511  INFO 14332 --- [    Test worker] c.n.b.s.web.IndexControllerTest          : Starting IndexControllerTest on Nambyungwook-MacBookPro.local with PID 14332 (started by nambyeong-ug in /Users/nambyeong-ug/Desktop/Study/SpringBoot/book)
2020-02-08 21:09:21.511  INFO 14332 --- [    Test worker] c.n.b.s.web.IndexControllerTest          : The following profiles are active: oauth
2020-02-08 21:09:21.828  INFO 14332 --- [    Test worker] .s.d.r.c.RepositoryConfigurationDelegate : Bootstrapping Spring Data repositories in DEFAULT mode.
2020-02-08 21:09:21.893  INFO 14332 --- [    Test worker] .s.d.r.c.RepositoryConfigurationDelegate : Finished Spring Data repository scanning in 58ms. Found 2 repository interfaces.
2020-02-08 21:09:22.139  INFO 14332 --- [    Test worker] trationDelegate$BeanPostProcessorChecker : Bean 'org.springframework.transaction.annotation.ProxyTransactionManagementConfiguration' of type [org.springframework.transaction.annotation.ProxyTransactionManagementConfiguration$$EnhancerBySpringCGLIB$$291ffbe8] is not eligible for getting processed by all BeanPostProcessors (for example: not eligible for auto-proxying)
2020-02-08 21:09:22.440  INFO 14332 --- [    Test worker] o.s.b.w.embedded.tomcat.TomcatWebServer  : Tomcat initialized with port(s): 0 (http)
2020-02-08 21:09:22.467  INFO 14332 --- [    Test worker] o.apache.catalina.core.StandardService   : Starting service [Tomcat]
2020-02-08 21:09:22.467  INFO 14332 --- [    Test worker] org.apache.catalina.core.StandardEngine  : Starting Servlet engine: [Apache Tomcat/9.0.22]
2020-02-08 21:09:22.603  INFO 14332 --- [    Test worker] o.a.c.c.C.[Tomcat].[localhost].[/]       : Initializing Spring embedded WebApplicationContext
2020-02-08 21:09:22.603  INFO 14332 --- [    Test worker] o.s.web.context.ContextLoader            : Root WebApplicationContext: initialization completed in 1090 ms
2020-02-08 21:09:22.903  INFO 14332 --- [    Test worker] com.zaxxer.hikari.HikariDataSource       : HikariPool-1 - Starting...
2020-02-08 21:09:23.083  INFO 14332 --- [    Test worker] com.zaxxer.hikari.HikariDataSource       : HikariPool-1 - Start completed.
2020-02-08 21:09:23.167  INFO 14332 --- [    Test worker] o.hibernate.jpa.internal.util.LogHelper  : HHH000204: Processing PersistenceUnitInfo [
	name: default
	...]
2020-02-08 21:09:23.244  INFO 14332 --- [    Test worker] org.hibernate.Version                    : HHH000412: Hibernate Core {5.3.10.Final}
2020-02-08 21:09:23.246  INFO 14332 --- [    Test worker] org.hibernate.cfg.Environment            : HHH000206: hibernate.properties not found
2020-02-08 21:09:23.298  INFO 14332 --- [    Test worker] o.hibernate.annotations.common.Version   : HCANN000001: Hibernate Commons Annotations {5.0.4.Final}
2020-02-08 21:09:23.462  INFO 14332 --- [    Test worker] org.hibernate.dialect.Dialect            : HHH000400: Using dialect: org.hibernate.dialect.MySQL5InnoDBDialect
Hibernate: drop table if exists posts
Hibernate: drop table if exists user
Hibernate: create table posts (id bigint not null auto_increment, created_date datetime, modified_date datetime, author varchar(255), content TEXT not null, title varchar(500) not null, primary key (id)) engine=InnoDB
Hibernate: create table user (id bigint not null auto_increment, created_date datetime, modified_date datetime, email varchar(255) not null, name varchar(255) not null, picture varchar(255), role varchar(255) not null, primary key (id)) engine=InnoDB
2020-02-08 21:09:24.282  INFO 14332 --- [    Test worker] o.h.t.schema.internal.SchemaCreatorImpl  : HHH000476: Executing import script 'org.hibernate.tool.schema.internal.exec.ScriptSourceInputNonExistentImpl@6afe3e1c'
2020-02-08 21:09:24.285  INFO 14332 --- [    Test worker] j.LocalContainerEntityManagerFactoryBean : Initialized JPA EntityManagerFactory for persistence unit 'default'
2020-02-08 21:09:24.911  INFO 14332 --- [    Test worker] o.h.h.i.QueryTranslatorFactoryInitiator  : HHH000397: Using ASTQueryTranslatorFactory
2020-02-08 21:09:25.204  INFO 14332 --- [    Test worker] o.s.s.web.DefaultSecurityFilterChain     : Creating filter chain: any request, [org.springframework.security.web.context.request.async.WebAsyncManagerIntegrationFilter@2cd6f3bc, org.springframework.security.web.context.SecurityContextPersistenceFilter@33cb603c, org.springframework.security.web.header.HeaderWriterFilter@4febf3e3, org.springframework.security.web.authentication.logout.LogoutFilter@39677fbd, org.springframework.security.oauth2.client.web.OAuth2AuthorizationRequestRedirectFilter@61dccaea, org.springframework.security.oauth2.client.web.OAuth2LoginAuthenticationFilter@4ba51590, org.springframework.security.web.authentication.ui.DefaultLoginPageGeneratingFilter@51c53f39, org.springframework.security.web.authentication.ui.DefaultLogoutPageGeneratingFilter@5088354b, org.springframework.security.web.savedrequest.RequestCacheAwareFilter@123c8bbc, org.springframework.security.web.servletapi.SecurityContextHolderAwareRequestFilter@25816f3, org.springframework.security.web.authentication.AnonymousAuthenticationFilter@33e2b35f, org.springframework.security.web.session.SessionManagementFilter@7d75d766, org.springframework.security.web.access.ExceptionTranslationFilter@60882bc2, org.springframework.security.web.access.intercept.FilterSecurityInterceptor@46d5e046]
2020-02-08 21:09:25.389  INFO 14332 --- [    Test worker] o.s.s.concurrent.ThreadPoolTaskExecutor  : Initializing ExecutorService 'applicationTaskExecutor'
2020-02-08 21:09:25.406  WARN 14332 --- [    Test worker] aWebConfiguration$JpaWebMvcConfiguration : spring.jpa.open-in-view is enabled by default. Therefore, database queries may be performed during view rendering. Explicitly configure spring.jpa.open-in-view to disable this warning
2020-02-08 21:09:25.441  INFO 14332 --- [    Test worker] o.s.b.a.w.s.WelcomePageHandlerMapping    : Adding welcome page template: index
2020-02-08 21:09:25.764  INFO 14332 --- [    Test worker] s.a.ScheduledAnnotationBeanPostProcessor : No TaskScheduler/ScheduledExecutorService bean found for scheduled processing
2020-02-08 21:09:25.791  INFO 14332 --- [    Test worker] o.s.b.w.embedded.tomcat.TomcatWebServer  : Tomcat started on port(s): 49604 (http) with context path ''
2020-02-08 21:09:25.792  INFO 14332 --- [    Test worker] c.n.b.s.web.IndexControllerTest          : Started IndexControllerTest in 4.304 seconds (JVM running for 8.192)
2020-02-08 21:09:25.900  INFO 14332 --- [o-auto-1-exec-1] o.a.c.c.C.[Tomcat].[localhost].[/]       : Initializing Spring DispatcherServlet 'dispatcherServlet'
2020-02-08 21:09:25.900  INFO 14332 --- [o-auto-1-exec-1] o.s.web.servlet.DispatcherServlet        : Initializing Servlet 'dispatcherServlet'
2020-02-08 21:09:25.912  INFO 14332 --- [o-auto-1-exec-1] o.s.web.servlet.DispatcherServlet        : Completed initialization in 12 ms
Hibernate: select posts0_.id as id1_0_, posts0_.created_date as created_2_0_, posts0_.modified_date as modified3_0_, posts0_.author as author4_0_, posts0_.content as content5_0_, posts0_.title as title6_0_ from posts posts0_ order by posts0_.id DESC
]]></system-out>
  <system-err><![CDATA[]]></system-err>
</testsuite>
