<?xml version="1.0" encoding="UTF-8"?>
<testsuite name="com.nbw.book.springboot.web.IndexControllerTest" tests="1" skipped="0" failures="0" errors="0" timestamp="2020-02-04T12:18:30" hostname="Nambyungwook-MacBookPro.local" time="0.333">
  <properties/>
  <testcase name="메인페이지_로딩" classname="com.nbw.book.springboot.web.IndexControllerTest" time="0.333"/>
  <system-out><![CDATA[21:18:26.366 [Test worker] DEBUG org.springframework.test.context.junit4.SpringJUnit4ClassRunner - SpringJUnit4ClassRunner constructor called with [class com.nbw.book.springboot.web.IndexControllerTest]
21:18:26.372 [Test worker] DEBUG org.springframework.test.context.BootstrapUtils - Instantiating CacheAwareContextLoaderDelegate from class [org.springframework.test.context.cache.DefaultCacheAwareContextLoaderDelegate]
21:18:26.379 [Test worker] DEBUG org.springframework.test.context.BootstrapUtils - Instantiating BootstrapContext using constructor [public org.springframework.test.context.support.DefaultBootstrapContext(java.lang.Class,org.springframework.test.context.CacheAwareContextLoaderDelegate)]
21:18:26.392 [Test worker] DEBUG org.springframework.test.context.BootstrapUtils - Instantiating TestContextBootstrapper for test class [com.nbw.book.springboot.web.IndexControllerTest] from class [org.springframework.boot.test.context.SpringBootTestContextBootstrapper]
21:18:26.399 [Test worker] INFO org.springframework.boot.test.context.SpringBootTestContextBootstrapper - Neither @ContextConfiguration nor @ContextHierarchy found for test class [com.nbw.book.springboot.web.IndexControllerTest], using SpringBootContextLoader
21:18:26.401 [Test worker] DEBUG org.springframework.test.context.support.AbstractContextLoader - Did not detect default resource location for test class [com.nbw.book.springboot.web.IndexControllerTest]: class path resource [com/nbw/book/springboot/web/IndexControllerTest-context.xml] does not exist
21:18:26.401 [Test worker] DEBUG org.springframework.test.context.support.AbstractContextLoader - Did not detect default resource location for test class [com.nbw.book.springboot.web.IndexControllerTest]: class path resource [com/nbw/book/springboot/web/IndexControllerTestContext.groovy] does not exist
21:18:26.401 [Test worker] INFO org.springframework.test.context.support.AbstractContextLoader - Could not detect default resource locations for test class [com.nbw.book.springboot.web.IndexControllerTest]: no resource found for suffixes {-context.xml, Context.groovy}.
21:18:26.402 [Test worker] INFO org.springframework.test.context.support.AnnotationConfigContextLoaderUtils - Could not detect default configuration classes for test class [com.nbw.book.springboot.web.IndexControllerTest]: IndexControllerTest does not declare any static, non-private, non-final, nested classes annotated with @Configuration.
21:18:26.427 [Test worker] DEBUG org.springframework.test.context.support.ActiveProfilesUtils - Could not find an 'annotation declaring class' for annotation type [org.springframework.test.context.ActiveProfiles] and class [com.nbw.book.springboot.web.IndexControllerTest]
21:18:26.497 [Test worker] DEBUG org.springframework.context.annotation.ClassPathScanningCandidateComponentProvider - Identified candidate component class: file [/Users/nambyeong-ug/Desktop/Study/SpringBoot/book/build/classes/java/main/com/nbw/book/springboot/Application.class]
21:18:26.498 [Test worker] INFO org.springframework.boot.test.context.SpringBootTestContextBootstrapper - Found @SpringBootConfiguration com.nbw.book.springboot.Application for test class com.nbw.book.springboot.web.IndexControllerTest
21:18:26.561 [Test worker] DEBUG org.springframework.boot.test.context.SpringBootTestContextBootstrapper - @TestExecutionListeners is not present for class [com.nbw.book.springboot.web.IndexControllerTest]: using defaults.
21:18:26.561 [Test worker] INFO org.springframework.boot.test.context.SpringBootTestContextBootstrapper - Loaded default TestExecutionListener class names from location [META-INF/spring.factories]: [org.springframework.boot.test.autoconfigure.restdocs.RestDocsTestExecutionListener, org.springframework.boot.test.autoconfigure.web.client.MockRestServiceServerResetTestExecutionListener, org.springframework.boot.test.autoconfigure.web.servlet.MockMvcPrintOnlyOnFailureTestExecutionListener, org.springframework.boot.test.autoconfigure.web.servlet.WebDriverTestExecutionListener, org.springframework.boot.test.mock.mockito.MockitoTestExecutionListener, org.springframework.boot.test.mock.mockito.ResetMocksTestExecutionListener, org.springframework.test.context.web.ServletTestExecutionListener, org.springframework.test.context.support.DirtiesContextBeforeModesTestExecutionListener, org.springframework.test.context.support.DependencyInjectionTestExecutionListener, org.springframework.test.context.support.DirtiesContextTestExecutionListener, org.springframework.test.context.transaction.TransactionalTestExecutionListener, org.springframework.test.context.jdbc.SqlScriptsTestExecutionListener]
21:18:26.574 [Test worker] INFO org.springframework.boot.test.context.SpringBootTestContextBootstrapper - Using TestExecutionListeners: [org.springframework.test.context.web.ServletTestExecutionListener@39f1332b, org.springframework.test.context.support.DirtiesContextBeforeModesTestExecutionListener@41f3782b, org.springframework.boot.test.mock.mockito.MockitoTestExecutionListener@7bc5d2e5, org.springframework.boot.test.autoconfigure.SpringBootDependencyInjectionTestExecutionListener@22e8437e, org.springframework.test.context.support.DirtiesContextTestExecutionListener@12305463, org.springframework.test.context.transaction.TransactionalTestExecutionListener@4858442e, org.springframework.test.context.jdbc.SqlScriptsTestExecutionListener@1ddfe53a, org.springframework.boot.test.autoconfigure.restdocs.RestDocsTestExecutionListener@7dccb64c, org.springframework.boot.test.autoconfigure.web.client.MockRestServiceServerResetTestExecutionListener@6dcf66da, org.springframework.boot.test.autoconfigure.web.servlet.MockMvcPrintOnlyOnFailureTestExecutionListener@673c3679, org.springframework.boot.test.autoconfigure.web.servlet.WebDriverTestExecutionListener@5a8f991, org.springframework.boot.test.mock.mockito.ResetMocksTestExecutionListener@1dce51be]
21:18:26.577 [Test worker] DEBUG org.springframework.test.annotation.ProfileValueUtils - Retrieved @ProfileValueSourceConfiguration [null] for test class [com.nbw.book.springboot.web.IndexControllerTest]
21:18:26.577 [Test worker] DEBUG org.springframework.test.annotation.ProfileValueUtils - Retrieved ProfileValueSource type [class org.springframework.test.annotation.SystemProfileValueSource] for class [com.nbw.book.springboot.web.IndexControllerTest]
21:18:26.579 [Test worker] DEBUG org.springframework.test.annotation.ProfileValueUtils - Retrieved @ProfileValueSourceConfiguration [null] for test class [com.nbw.book.springboot.web.IndexControllerTest]
21:18:26.580 [Test worker] DEBUG org.springframework.test.annotation.ProfileValueUtils - Retrieved ProfileValueSource type [class org.springframework.test.annotation.SystemProfileValueSource] for class [com.nbw.book.springboot.web.IndexControllerTest]
21:18:26.580 [Test worker] DEBUG org.springframework.test.annotation.ProfileValueUtils - Retrieved @ProfileValueSourceConfiguration [null] for test class [com.nbw.book.springboot.web.IndexControllerTest]
21:18:26.580 [Test worker] DEBUG org.springframework.test.annotation.ProfileValueUtils - Retrieved ProfileValueSource type [class org.springframework.test.annotation.SystemProfileValueSource] for class [com.nbw.book.springboot.web.IndexControllerTest]
21:18:26.585 [Test worker] DEBUG org.springframework.test.context.support.AbstractDirtiesContextTestExecutionListener - Before test class: context [DefaultTestContext@f556d1 testClass = IndexControllerTest, testInstance = [null], testMethod = [null], testException = [null], mergedContextConfiguration = [WebMergedContextConfiguration@4e216b0e testClass = IndexControllerTest, locations = '{}', classes = '{class com.nbw.book.springboot.Application}', contextInitializerClasses = '[]', activeProfiles = '{}', propertySourceLocations = '{}', propertySourceProperties = '{org.springframework.boot.test.context.SpringBootTestContextBootstrapper=true, server.port=0}', contextCustomizers = set[org.springframework.boot.test.autoconfigure.properties.PropertyMappingContextCustomizer@0, org.springframework.boot.test.autoconfigure.web.servlet.WebDriverContextCustomizerFactory$Customizer@5ec35686, org.springframework.boot.test.context.filter.ExcludeFilterContextCustomizer@1ba2ff07, org.springframework.boot.test.json.DuplicateJsonObjectContextCustomizerFactory$DuplicateJsonObjectContextCustomizer@68e1e343, org.springframework.boot.test.mock.mockito.MockitoContextCustomizer@0, org.springframework.boot.test.web.client.TestRestTemplateContextCustomizer@3237bf31], resourceBasePath = 'src/main/webapp', contextLoader = 'org.springframework.boot.test.context.SpringBootContextLoader', parent = [null]], attributes = map['org.springframework.test.context.web.ServletTestExecutionListener.activateListener' -> false]], class annotated with @DirtiesContext [false] with mode [null].
21:18:26.586 [Test worker] DEBUG org.springframework.test.annotation.ProfileValueUtils - Retrieved @ProfileValueSourceConfiguration [null] for test class [com.nbw.book.springboot.web.IndexControllerTest]
21:18:26.586 [Test worker] DEBUG org.springframework.test.annotation.ProfileValueUtils - Retrieved ProfileValueSource type [class org.springframework.test.annotation.SystemProfileValueSource] for class [com.nbw.book.springboot.web.IndexControllerTest]
21:18:26.599 [Test worker] DEBUG org.springframework.test.context.support.DependencyInjectionTestExecutionListener - Performing dependency injection for test context [[DefaultTestContext@f556d1 testClass = IndexControllerTest, testInstance = com.nbw.book.springboot.web.IndexControllerTest@17cd9812, testMethod = [null], testException = [null], mergedContextConfiguration = [WebMergedContextConfiguration@4e216b0e testClass = IndexControllerTest, locations = '{}', classes = '{class com.nbw.book.springboot.Application}', contextInitializerClasses = '[]', activeProfiles = '{}', propertySourceLocations = '{}', propertySourceProperties = '{org.springframework.boot.test.context.SpringBootTestContextBootstrapper=true, server.port=0}', contextCustomizers = set[org.springframework.boot.test.autoconfigure.properties.PropertyMappingContextCustomizer@0, org.springframework.boot.test.autoconfigure.web.servlet.WebDriverContextCustomizerFactory$Customizer@5ec35686, org.springframework.boot.test.context.filter.ExcludeFilterContextCustomizer@1ba2ff07, org.springframework.boot.test.json.DuplicateJsonObjectContextCustomizerFactory$DuplicateJsonObjectContextCustomizer@68e1e343, org.springframework.boot.test.mock.mockito.MockitoContextCustomizer@0, org.springframework.boot.test.web.client.TestRestTemplateContextCustomizer@3237bf31], resourceBasePath = 'src/main/webapp', contextLoader = 'org.springframework.boot.test.context.SpringBootContextLoader', parent = [null]], attributes = map['org.springframework.test.context.web.ServletTestExecutionListener.activateListener' -> false]]].
21:18:26.614 [Test worker] DEBUG org.springframework.test.context.support.TestPropertySourceUtils - Adding inlined properties to environment: {spring.jmx.enabled=false, org.springframework.boot.test.context.SpringBootTestContextBootstrapper=true, server.port=0}

  .   ____          _            __ _ _
 /\\ / ___'_ __ _ _(_)_ __  __ _ \ \ \ \
( ( )\___ | '_ | '_| | '_ \/ _` | \ \ \ \
 \\/  ___)| |_)| | | | | || (_| |  ) ) ) )
  '  |____| .__|_| |_|_| |_\__, | / / / /
 =========|_|==============|___/=/_/_/_/
 :: Spring Boot ::        (v2.1.7.RELEASE)

2020-02-04 21:18:26.988  INFO 12086 --- [    Test worker] c.n.b.s.web.IndexControllerTest          : Starting IndexControllerTest on Nambyungwook-MacBookPro.local with PID 12086 (started by nambyeong-ug in /Users/nambyeong-ug/Desktop/Study/SpringBoot/book)
2020-02-04 21:18:26.989  INFO 12086 --- [    Test worker] c.n.b.s.web.IndexControllerTest          : No active profile set, falling back to default profiles: default
2020-02-04 21:18:27.435  INFO 12086 --- [    Test worker] .s.d.r.c.RepositoryConfigurationDelegate : Bootstrapping Spring Data repositories in DEFAULT mode.
2020-02-04 21:18:27.481  INFO 12086 --- [    Test worker] .s.d.r.c.RepositoryConfigurationDelegate : Finished Spring Data repository scanning in 40ms. Found 1 repository interfaces.
2020-02-04 21:18:27.776  INFO 12086 --- [    Test worker] trationDelegate$BeanPostProcessorChecker : Bean 'org.springframework.transaction.annotation.ProxyTransactionManagementConfiguration' of type [org.springframework.transaction.annotation.ProxyTransactionManagementConfiguration$$EnhancerBySpringCGLIB$$197c3341] is not eligible for getting processed by all BeanPostProcessors (for example: not eligible for auto-proxying)
2020-02-04 21:18:28.086  INFO 12086 --- [    Test worker] o.s.b.w.embedded.tomcat.TomcatWebServer  : Tomcat initialized with port(s): 0 (http)
2020-02-04 21:18:28.109  INFO 12086 --- [    Test worker] o.apache.catalina.core.StandardService   : Starting service [Tomcat]
2020-02-04 21:18:28.109  INFO 12086 --- [    Test worker] org.apache.catalina.core.StandardEngine  : Starting Servlet engine: [Apache Tomcat/9.0.22]
2020-02-04 21:18:28.286  INFO 12086 --- [    Test worker] o.a.c.c.C.[Tomcat].[localhost].[/]       : Initializing Spring embedded WebApplicationContext
2020-02-04 21:18:28.286  INFO 12086 --- [    Test worker] o.s.web.context.ContextLoader            : Root WebApplicationContext: initialization completed in 1282 ms
2020-02-04 21:18:28.472  INFO 12086 --- [    Test worker] com.zaxxer.hikari.HikariDataSource       : HikariPool-1 - Starting...
2020-02-04 21:18:28.607  INFO 12086 --- [    Test worker] com.zaxxer.hikari.HikariDataSource       : HikariPool-1 - Start completed.
2020-02-04 21:18:28.676  INFO 12086 --- [    Test worker] o.hibernate.jpa.internal.util.LogHelper  : HHH000204: Processing PersistenceUnitInfo [
	name: default
	...]
2020-02-04 21:18:28.735  INFO 12086 --- [    Test worker] org.hibernate.Version                    : HHH000412: Hibernate Core {5.3.10.Final}
2020-02-04 21:18:28.736  INFO 12086 --- [    Test worker] org.hibernate.cfg.Environment            : HHH000206: hibernate.properties not found
2020-02-04 21:18:28.862  INFO 12086 --- [    Test worker] o.hibernate.annotations.common.Version   : HCANN000001: Hibernate Commons Annotations {5.0.4.Final}
2020-02-04 21:18:28.980  INFO 12086 --- [    Test worker] org.hibernate.dialect.Dialect            : HHH000400: Using dialect: org.hibernate.dialect.MySQL5InnoDBDialect
Hibernate: drop table if exists posts
Hibernate: create table posts (id bigint not null auto_increment, created_date datetime, modified_date datetime, author varchar(255), content TEXT not null, title varchar(500) not null, primary key (id)) engine=InnoDB
2020-02-04 21:18:29.520  INFO 12086 --- [    Test worker] o.h.t.schema.internal.SchemaCreatorImpl  : HHH000476: Executing import script 'org.hibernate.tool.schema.internal.exec.ScriptSourceInputNonExistentImpl@37440aa2'
2020-02-04 21:18:29.522  INFO 12086 --- [    Test worker] j.LocalContainerEntityManagerFactoryBean : Initialized JPA EntityManagerFactory for persistence unit 'default'
2020-02-04 21:18:30.058  INFO 12086 --- [    Test worker] o.s.s.concurrent.ThreadPoolTaskExecutor  : Initializing ExecutorService 'applicationTaskExecutor'
2020-02-04 21:18:30.109  WARN 12086 --- [    Test worker] aWebConfiguration$JpaWebMvcConfiguration : spring.jpa.open-in-view is enabled by default. Therefore, database queries may be performed during view rendering. Explicitly configure spring.jpa.open-in-view to disable this warning
2020-02-04 21:18:30.154  INFO 12086 --- [    Test worker] o.s.b.a.w.s.WelcomePageHandlerMapping    : Adding welcome page template: index
2020-02-04 21:18:30.447  INFO 12086 --- [    Test worker] o.s.b.w.embedded.tomcat.TomcatWebServer  : Tomcat started on port(s): 63982 (http) with context path ''
2020-02-04 21:18:30.449  INFO 12086 --- [    Test worker] c.n.b.s.web.IndexControllerTest          : Started IndexControllerTest in 3.833 seconds (JVM running for 4.537)
2020-02-04 21:18:30.697  INFO 12086 --- [o-auto-1-exec-1] o.a.c.c.C.[Tomcat].[localhost].[/]       : Initializing Spring DispatcherServlet 'dispatcherServlet'
2020-02-04 21:18:30.697  INFO 12086 --- [o-auto-1-exec-1] o.s.web.servlet.DispatcherServlet        : Initializing Servlet 'dispatcherServlet'
2020-02-04 21:18:30.715  INFO 12086 --- [o-auto-1-exec-1] o.s.web.servlet.DispatcherServlet        : Completed initialization in 17 ms
]]></system-out>
  <system-err><![CDATA[]]></system-err>
</testsuite>
