<?xml version="1.0" encoding="UTF-8"?>
<testsuite name="com.nbw.book.springboot.domain.posts.PostsRepositoryTest" tests="2" skipped="0" failures="0" errors="0" timestamp="2020-02-08T12:09:27" hostname="Nambyungwook-MacBookPro.local" time="0.027">
  <properties/>
  <testcase name="게시글저장_불러오기" classname="com.nbw.book.springboot.domain.posts.PostsRepositoryTest" time="0.019"/>
  <testcase name="BaseTimeEntity_등록" classname="com.nbw.book.springboot.domain.posts.PostsRepositoryTest" time="0.008"/>
  <system-out><![CDATA[2020-02-08 21:09:26.235  INFO 14332 --- [    Test worker] .b.t.c.SpringBootTestContextBootstrapper : Neither @ContextConfiguration nor @ContextHierarchy found for test class [com.nbw.book.springboot.domain.posts.PostsRepositoryTest], using SpringBootContextLoader
2020-02-08 21:09:26.236  INFO 14332 --- [    Test worker] o.s.t.c.support.AbstractContextLoader    : Could not detect default resource locations for test class [com.nbw.book.springboot.domain.posts.PostsRepositoryTest]: no resource found for suffixes {-context.xml, Context.groovy}.
2020-02-08 21:09:26.236  INFO 14332 --- [    Test worker] t.c.s.AnnotationConfigContextLoaderUtils : Could not detect default configuration classes for test class [com.nbw.book.springboot.domain.posts.PostsRepositoryTest]: PostsRepositoryTest does not declare any static, non-private, non-final, nested classes annotated with @Configuration.
2020-02-08 21:09:26.241  INFO 14332 --- [    Test worker] .b.t.c.SpringBootTestContextBootstrapper : Found @SpringBootConfiguration com.nbw.book.springboot.Application for test class com.nbw.book.springboot.domain.posts.PostsRepositoryTest
2020-02-08 21:09:26.243  INFO 14332 --- [    Test worker] .b.t.c.SpringBootTestContextBootstrapper : Loaded default TestExecutionListener class names from location [META-INF/spring.factories]: [org.springframework.security.test.context.support.WithSecurityContextTestExecutionListener, org.springframework.security.test.context.support.ReactorContextTestExecutionListener, org.springframework.boot.test.autoconfigure.restdocs.RestDocsTestExecutionListener, org.springframework.boot.test.autoconfigure.web.client.MockRestServiceServerResetTestExecutionListener, org.springframework.boot.test.autoconfigure.web.servlet.MockMvcPrintOnlyOnFailureTestExecutionListener, org.springframework.boot.test.autoconfigure.web.servlet.WebDriverTestExecutionListener, org.springframework.boot.test.mock.mockito.MockitoTestExecutionListener, org.springframework.boot.test.mock.mockito.ResetMocksTestExecutionListener, org.springframework.test.context.web.ServletTestExecutionListener, org.springframework.test.context.support.DirtiesContextBeforeModesTestExecutionListener, org.springframework.test.context.support.DependencyInjectionTestExecutionListener, org.springframework.test.context.support.DirtiesContextTestExecutionListener, org.springframework.test.context.transaction.TransactionalTestExecutionListener, org.springframework.test.context.jdbc.SqlScriptsTestExecutionListener]
2020-02-08 21:09:26.243  INFO 14332 --- [    Test worker] .b.t.c.SpringBootTestContextBootstrapper : Using TestExecutionListeners: [org.springframework.test.context.web.ServletTestExecutionListener@27f7bbb5, org.springframework.test.context.support.DirtiesContextBeforeModesTestExecutionListener@23d271bb, org.springframework.boot.test.mock.mockito.MockitoTestExecutionListener@6964383, org.springframework.boot.test.autoconfigure.SpringBootDependencyInjectionTestExecutionListener@245d4fc1, org.springframework.test.context.support.DirtiesContextTestExecutionListener@3eed62ec, org.springframework.test.context.transaction.TransactionalTestExecutionListener@e029323, org.springframework.test.context.jdbc.SqlScriptsTestExecutionListener@3abc533b, org.springframework.security.test.context.support.WithSecurityContextTestExecutionListener@74d120ea, org.springframework.security.test.context.support.ReactorContextTestExecutionListener@217ec69e, org.springframework.boot.test.autoconfigure.restdocs.RestDocsTestExecutionListener@3b7fc219, org.springframework.boot.test.autoconfigure.web.client.MockRestServiceServerResetTestExecutionListener@63026bc6, org.springframework.boot.test.autoconfigure.web.servlet.MockMvcPrintOnlyOnFailureTestExecutionListener@1ea9c13c, org.springframework.boot.test.autoconfigure.web.servlet.WebDriverTestExecutionListener@49b4be41, org.springframework.boot.test.mock.mockito.ResetMocksTestExecutionListener@c1ed264]

  .   ____          _            __ _ _
 /\\ / ___'_ __ _ _(_)_ __  __ _ \ \ \ \
( ( )\___ | '_ | '_| | '_ \/ _` | \ \ \ \
 \\/  ___)| |_)| | | | | || (_| |  ) ) ) )
  '  |____| .__|_| |_|_| |_\__, | / / / /
 =========|_|==============|___/=/_/_/_/
 :: Spring Boot ::        (v2.1.7.RELEASE)

2020-02-08 21:09:26.265  INFO 14332 --- [    Test worker] c.n.b.s.d.posts.PostsRepositoryTest      : Starting PostsRepositoryTest on Nambyungwook-MacBookPro.local with PID 14332 (started by nambyeong-ug in /Users/nambyeong-ug/Desktop/Study/SpringBoot/book)
2020-02-08 21:09:26.265  INFO 14332 --- [    Test worker] c.n.b.s.d.posts.PostsRepositoryTest      : The following profiles are active: oauth
2020-02-08 21:09:26.430  INFO 14332 --- [    Test worker] .s.d.r.c.RepositoryConfigurationDelegate : Bootstrapping Spring Data repositories in DEFAULT mode.
2020-02-08 21:09:26.441  INFO 14332 --- [    Test worker] .s.d.r.c.RepositoryConfigurationDelegate : Finished Spring Data repository scanning in 11ms. Found 2 repository interfaces.
2020-02-08 21:09:26.521  INFO 14332 --- [    Test worker] trationDelegate$BeanPostProcessorChecker : Bean 'org.springframework.transaction.annotation.ProxyTransactionManagementConfiguration' of type [org.springframework.transaction.annotation.ProxyTransactionManagementConfiguration$$EnhancerBySpringCGLIB$$291ffbe8] is not eligible for getting processed by all BeanPostProcessors (for example: not eligible for auto-proxying)
2020-02-08 21:09:26.598  INFO 14332 --- [    Test worker] com.zaxxer.hikari.HikariDataSource       : HikariPool-2 - Starting...
2020-02-08 21:09:26.599  INFO 14332 --- [    Test worker] com.zaxxer.hikari.HikariDataSource       : HikariPool-2 - Start completed.
2020-02-08 21:09:26.616  INFO 14332 --- [    Test worker] o.hibernate.jpa.internal.util.LogHelper  : HHH000204: Processing PersistenceUnitInfo [
	name: default
	...]
2020-02-08 21:09:26.623  INFO 14332 --- [    Test worker] org.hibernate.dialect.Dialect            : HHH000400: Using dialect: org.hibernate.dialect.MySQL5InnoDBDialect
Hibernate: drop table if exists posts
Hibernate: drop table if exists user
Hibernate: create table posts (id bigint not null auto_increment, created_date datetime, modified_date datetime, author varchar(255), content TEXT not null, title varchar(500) not null, primary key (id)) engine=InnoDB
Hibernate: create table user (id bigint not null auto_increment, created_date datetime, modified_date datetime, email varchar(255) not null, name varchar(255) not null, picture varchar(255), role varchar(255) not null, primary key (id)) engine=InnoDB
2020-02-08 21:09:26.663  INFO 14332 --- [    Test worker] o.h.t.schema.internal.SchemaCreatorImpl  : HHH000476: Executing import script 'org.hibernate.tool.schema.internal.exec.ScriptSourceInputNonExistentImpl@6afe3e1c'
2020-02-08 21:09:26.663  INFO 14332 --- [    Test worker] j.LocalContainerEntityManagerFactoryBean : Initialized JPA EntityManagerFactory for persistence unit 'default'
2020-02-08 21:09:26.813  INFO 14332 --- [    Test worker] o.h.h.i.QueryTranslatorFactoryInitiator  : HHH000397: Using ASTQueryTranslatorFactory
2020-02-08 21:09:26.929  INFO 14332 --- [    Test worker] o.s.s.web.DefaultSecurityFilterChain     : Creating filter chain: any request, [org.springframework.security.web.context.request.async.WebAsyncManagerIntegrationFilter@145879e6, org.springframework.security.web.context.SecurityContextPersistenceFilter@7ff0b999, org.springframework.security.web.header.HeaderWriterFilter@485c77b1, org.springframework.security.web.authentication.logout.LogoutFilter@1cecd9e8, org.springframework.security.oauth2.client.web.OAuth2AuthorizationRequestRedirectFilter@54183f08, org.springframework.security.oauth2.client.web.OAuth2LoginAuthenticationFilter@7b492eec, org.springframework.security.web.authentication.ui.DefaultLoginPageGeneratingFilter@66aa88d5, org.springframework.security.web.authentication.ui.DefaultLogoutPageGeneratingFilter@9fae81c, org.springframework.security.web.savedrequest.RequestCacheAwareFilter@1780874e, org.springframework.security.web.servletapi.SecurityContextHolderAwareRequestFilter@3cca8bf0, org.springframework.security.web.authentication.AnonymousAuthenticationFilter@1c8f6654, org.springframework.security.web.session.SessionManagementFilter@fcaae02, org.springframework.security.web.access.ExceptionTranslationFilter@6dd0b910, org.springframework.security.web.access.intercept.FilterSecurityInterceptor@771d544d]
2020-02-08 21:09:27.148  INFO 14332 --- [    Test worker] o.s.s.concurrent.ThreadPoolTaskExecutor  : Initializing ExecutorService 'applicationTaskExecutor'
2020-02-08 21:09:27.157  WARN 14332 --- [    Test worker] aWebConfiguration$JpaWebMvcConfiguration : spring.jpa.open-in-view is enabled by default. Therefore, database queries may be performed during view rendering. Explicitly configure spring.jpa.open-in-view to disable this warning
2020-02-08 21:09:27.181  INFO 14332 --- [    Test worker] o.s.b.a.w.s.WelcomePageHandlerMapping    : Adding welcome page template: index
2020-02-08 21:09:27.421  INFO 14332 --- [    Test worker] s.a.ScheduledAnnotationBeanPostProcessor : No TaskScheduler/ScheduledExecutorService bean found for scheduled processing
2020-02-08 21:09:27.423  INFO 14332 --- [    Test worker] c.n.b.s.d.posts.PostsRepositoryTest      : Started PostsRepositoryTest in 1.178 seconds (JVM running for 9.823)
Hibernate: insert into posts (created_date, modified_date, author, content, title) values (?, ?, ?, ?, ?)
Hibernate: select posts0_.id as id1_0_, posts0_.created_date as created_2_0_, posts0_.modified_date as modified3_0_, posts0_.author as author4_0_, posts0_.content as content5_0_, posts0_.title as title6_0_ from posts posts0_
Hibernate: select posts0_.id as id1_0_, posts0_.created_date as created_2_0_, posts0_.modified_date as modified3_0_, posts0_.author as author4_0_, posts0_.content as content5_0_, posts0_.title as title6_0_ from posts posts0_
Hibernate: delete from posts where id=?
Hibernate: insert into posts (created_date, modified_date, author, content, title) values (?, ?, ?, ?, ?)
Hibernate: select posts0_.id as id1_0_, posts0_.created_date as created_2_0_, posts0_.modified_date as modified3_0_, posts0_.author as author4_0_, posts0_.content as content5_0_, posts0_.title as title6_0_ from posts posts0_
>>>>>>> create=2020-02-08T21:09:27.449, modifiedDat=2020-02-08T21:09:27.449
Hibernate: select posts0_.id as id1_0_, posts0_.created_date as created_2_0_, posts0_.modified_date as modified3_0_, posts0_.author as author4_0_, posts0_.content as content5_0_, posts0_.title as title6_0_ from posts posts0_
Hibernate: delete from posts where id=?
]]></system-out>
  <system-err><![CDATA[]]></system-err>
</testsuite>
