<?xml version="1.0" encoding="UTF-8"?>
<testsuite name="com.nbw.book.springboot.web.dto.HelloResponseDtoTest" tests="1" skipped="0" failures="0" errors="0" timestamp="2020-02-08T12:09:21" hostname="Nambyungwook-MacBookPro.local" time="0.049">
  <properties/>
  <testcase name="lombok_test" classname="com.nbw.book.springboot.web.dto.HelloResponseDtoTest" time="0.049"/>
  <system-out><![CDATA[]]></system-out>
  <system-err><![CDATA[]]></system-err>
</testsuite>
